01-Dec-2024 15:08:54.470 INFO [main] org.apache.catalina.startup.VersionLoggerListener.log Server version name:   Apache Tomcat/10.1.33
01-Dec-2024 15:08:54.479 INFO [main] org.apache.catalina.startup.VersionLoggerListener.log Server built:          Nov 7 2024 22:28:55 UTC
01-Dec-2024 15:08:54.480 INFO [main] org.apache.catalina.startup.VersionLoggerListener.log Server version number: 10.1.33.0
01-Dec-2024 15:08:54.480 INFO [main] org.apache.catalina.startup.VersionLoggerListener.log OS Name:               Windows 10
01-Dec-2024 15:08:54.480 INFO [main] org.apache.catalina.startup.VersionLoggerListener.log OS Version:            10.0
01-Dec-2024 15:08:54.481 INFO [main] org.apache.catalina.startup.VersionLoggerListener.log Architecture:          amd64
01-Dec-2024 15:08:54.481 INFO [main] org.apache.catalina.startup.VersionLoggerListener.log Java Home:             C:\Program Files\Java\jdk-23
01-Dec-2024 15:08:54.481 INFO [main] org.apache.catalina.startup.VersionLoggerListener.log JVM Version:           23.0.1+11-39
01-Dec-2024 15:08:54.481 INFO [main] org.apache.catalina.startup.VersionLoggerListener.log JVM Vendor:            Oracle Corporation
01-Dec-2024 15:08:54.482 INFO [main] org.apache.catalina.startup.VersionLoggerListener.log CATALINA_BASE:         C:\Users\HP\Downloads\warehouse-main
01-Dec-2024 15:08:54.482 INFO [main] org.apache.catalina.startup.VersionLoggerListener.log CATALINA_HOME:         C:\Program Files\Java\apache-tomcat-10.1.33
01-Dec-2024 15:08:54.502 INFO [main] org.apache.catalina.startup.VersionLoggerListener.log Command line argument: --add-opens=java.base/java.lang=ALL-UNNAMED
01-Dec-2024 15:08:54.502 INFO [main] org.apache.catalina.startup.VersionLoggerListener.log Command line argument: --add-opens=java.base/java.io=ALL-UNNAMED
01-Dec-2024 15:08:54.502 INFO [main] org.apache.catalina.startup.VersionLoggerListener.log Command line argument: --add-opens=java.base/java.util=ALL-UNNAMED
01-Dec-2024 15:08:54.503 INFO [main] org.apache.catalina.startup.VersionLoggerListener.log Command line argument: --add-opens=java.base/java.util.concurrent=ALL-UNNAMED
01-Dec-2024 15:08:54.503 INFO [main] org.apache.catalina.startup.VersionLoggerListener.log Command line argument: --add-opens=java.rmi/sun.rmi.transport=ALL-UNNAMED
01-Dec-2024 15:08:54.503 INFO [main] org.apache.catalina.startup.VersionLoggerListener.log Command line argument: -Dcatalina.home=C:\Program Files\Java\apache-tomcat-10.1.33
01-Dec-2024 15:08:54.503 INFO [main] org.apache.catalina.startup.VersionLoggerListener.log Command line argument: -Dcatalina.base=C:\Users\HP\Downloads\warehouse-main
01-Dec-2024 15:08:54.503 INFO [main] org.apache.catalina.startup.VersionLoggerListener.log Command line argument: -Djava.io.tmpdir=C:\Users\HP\Downloads\warehouse-main\temp
01-Dec-2024 15:08:54.504 INFO [main] org.apache.catalina.startup.VersionLoggerListener.log Command line argument: -Djava.util.logging.config.file=C:\Users\HP\Downloads\warehouse-main\conf\logging.properties
01-Dec-2024 15:08:54.504 INFO [main] org.apache.catalina.startup.VersionLoggerListener.log Command line argument: -Djava.util.logging.manager=org.apache.juli.ClassLoaderLogManager
01-Dec-2024 15:08:54.504 INFO [main] org.apache.catalina.startup.VersionLoggerListener.log Command line argument: -javaagent:C:\Program Files\JetBrains\IntelliJ IDEA 2024.3\lib\idea_rt.jar=52609:C:\Program Files\JetBrains\IntelliJ IDEA 2024.3\bin
01-Dec-2024 15:08:54.504 INFO [main] org.apache.catalina.startup.VersionLoggerListener.log Command line argument: -Dfile.encoding=UTF-8
01-Dec-2024 15:08:54.504 INFO [main] org.apache.catalina.startup.VersionLoggerListener.log Command line argument: -Dsun.stdout.encoding=UTF-8
01-Dec-2024 15:08:54.504 INFO [main] org.apache.catalina.startup.VersionLoggerListener.log Command line argument: -Dsun.stderr.encoding=UTF-8
01-Dec-2024 15:08:54.515 INFO [main] org.apache.catalina.core.AprLifecycleListener.lifecycleEvent Loaded Apache Tomcat Native library [2.0.8] using APR version [1.7.4].
01-Dec-2024 15:08:54.547 INFO [main] org.apache.catalina.core.AprLifecycleListener.initializeSSL OpenSSL successfully initialized [OpenSSL 3.0.14 4 Jun 2024]
01-Dec-2024 15:08:55.333 INFO [main] org.apache.coyote.AbstractProtocol.init Initializing ProtocolHandler ["http-nio-8080"]
01-Dec-2024 15:08:55.376 INFO [main] org.apache.catalina.startup.Catalina.load Server initialization in [1378] milliseconds
01-Dec-2024 15:08:55.470 INFO [main] org.apache.catalina.core.StandardService.startInternal Starting service [Catalina]
01-Dec-2024 15:08:55.470 INFO [main] org.apache.catalina.core.StandardEngine.startInternal Starting Servlet engine: [Apache Tomcat/10.1.33]
01-Dec-2024 15:08:55.492 INFO [main] org.apache.catalina.startup.HostConfig.deployDescriptor Deploying deployment descriptor [C:\Users\HP\Downloads\warehouse-main\conf\Catalina\localhost\ROOT.xml]
01-Dec-2024 15:09:03.080 INFO [main] org.apache.jasper.servlet.TldScanner.scanJars At least one JAR was scanned for TLDs yet contained no TLDs. Enable debug logging for this logger for a complete list of JARs that were scanned but no TLDs were found in them. Skipping unneeded JARs during scanning can improve startup time and JSP compilation time.
01-Dec-2024 15:09:03.284 INFO [main] org.apache.catalina.startup.HostConfig.deployDescriptor Deployment of deployment descriptor [C:\Users\HP\Downloads\warehouse-main\conf\Catalina\localhost\ROOT.xml] has finished in [7,792] ms
01-Dec-2024 15:09:03.293 INFO [main] org.apache.coyote.AbstractProtocol.start Starting ProtocolHandler ["http-nio-8080"]
01-Dec-2024 15:09:03.346 INFO [main] org.apache.catalina.startup.Catalina.start Server startup in [7967] milliseconds
01-Dec-2024 22:16:37.628 INFO [Thread-1] org.apache.coyote.AbstractProtocol.pause Pausing ProtocolHandler ["http-nio-8080"]
01-Dec-2024 22:16:37.700 INFO [Thread-1] org.apache.catalina.core.StandardService.stopInternal Stopping service [Catalina]
01-Dec-2024 22:16:38.001 INFO [Thread-1] org.apache.coyote.AbstractProtocol.stop Stopping ProtocolHandler ["http-nio-8080"]
01-Dec-2024 22:16:38.014 INFO [Thread-1] org.apache.coyote.AbstractProtocol.destroy Destroying ProtocolHandler ["http-nio-8080"]
